<?xml version="1.0" encoding="UTF-8"?>
<robot generator="Robot 5.0.1 (Python 3.10.4 on win32)" generated="20220606 18:46:15.407" rpa="false" schemaversion="3">
<suite id="s1" name="Minha Suite" source="h:\qa\curso-robot\projeto\modulo1\webtestings\minha_suite.robot">
<test id="s1-t1" name="Caso de Teste 01: Pesquisar um produto no site." line="8">
<kw name="Acessar a pagina home do site da loja de produtos." library="resource">
<kw name="Open Browser" library="SeleniumLibrary">
<arg>browser=${BROWSER}</arg>
<arg>url=${URL}</arg>
<doc>Opens a new browser instance to the optional ``url``.</doc>
<msg timestamp="20220606 18:46:15.629" level="INFO">Opening browser 'chrome' to base url 'http://automationpractice.com/index.php'.</msg>
<status status="PASS" starttime="20220606 18:46:15.628" endtime="20220606 18:46:21.427"/>
</kw>
<status status="PASS" starttime="20220606 18:46:15.627" endtime="20220606 18:46:21.428"/>
</kw>
<kw name="Digitar o produto &quot;blouse&quot; no campo de pesquisa." library="resource" sourcename="Digitar o produto &quot;${PRODUTOS}&quot; no campo de pesquisa.">
<kw name="Input Text" library="SeleniumLibrary">
<arg>id=search_query_top</arg>
<arg>${PRODUTOS}</arg>
<doc>Types the given ``text`` into the text field identified by ``locator``.</doc>
<msg timestamp="20220606 18:46:21.430" level="INFO">Typing text 'blouse' into text field 'id=search_query_top'.</msg>
<status status="PASS" starttime="20220606 18:46:21.429" endtime="20220606 18:46:21.565"/>
</kw>
<status status="PASS" starttime="20220606 18:46:21.428" endtime="20220606 18:46:21.566"/>
</kw>
<kw name="Clicar no botão de pesquisar." library="resource">
<kw name="Click Button" library="SeleniumLibrary">
<arg>name=submit_search</arg>
<doc>Clicks the button identified by ``locator``.</doc>
<msg timestamp="20220606 18:46:21.569" level="INFO">Clicking button 'name=submit_search'.</msg>
<status status="PASS" starttime="20220606 18:46:21.569" endtime="20220606 18:46:23.121"/>
</kw>
<status status="PASS" starttime="20220606 18:46:21.568" endtime="20220606 18:46:23.121"/>
</kw>
<kw name="Validar que o produto &quot;blouse&quot; pesquisado foi encontrado." library="resource" sourcename="Validar que o produto &quot;${PRODUTOS}&quot; pesquisado foi encontrado.">
<kw name="Wait Until Element Is Visible" library="SeleniumLibrary">
<arg>xpath=//*[@id="center_column"]/ul/li[1]/div/div[1]/div/a[1]/img</arg>
<doc>Waits until the element ``locator`` is visible.</doc>
<status status="PASS" starttime="20220606 18:46:23.123" endtime="20220606 18:46:23.148"/>
</kw>
<status status="PASS" starttime="20220606 18:46:23.122" endtime="20220606 18:46:23.148"/>
</kw>
<status status="PASS" starttime="20220606 18:46:15.626" endtime="20220606 18:46:23.149"/>
</test>
<test id="s1-t2" name="Fechar Navegador" line="13">
<kw name="Close Browser" library="SeleniumLibrary">
<doc>Closes the current browser.</doc>
<status status="PASS" starttime="20220606 18:46:23.151" endtime="20220606 18:46:25.290"/>
</kw>
<status status="PASS" starttime="20220606 18:46:23.151" endtime="20220606 18:46:25.291"/>
</test>
<doc>Suíte exemplo WebTestings</doc>
<status status="PASS" starttime="20220606 18:46:15.413" endtime="20220606 18:46:25.293"/>
</suite>
<statistics>
<total>
<stat pass="2" fail="0" skip="0">All Tests</stat>
</total>
<tag>
</tag>
<suite>
<stat pass="2" fail="0" skip="0" id="s1" name="Minha Suite">Minha Suite</stat>
</suite>
</statistics>
<errors>
</errors>
</robot>
