<?xml version="1.0" encoding="UTF-8"?>
<robot generator="Robot 5.0.1 (Python 3.10.4 on win32)" generated="20220607 17:32:01.668" rpa="false" schemaversion="3">
<suite id="s1" name="Parodifood" source="H:\QA\CURSO-ROBOT\projeto\QAcademy\parodifood">
<suite id="s1-s1" name="Tests" source="H:\QA\CURSO-ROBOT\projeto\QAcademy\parodifood\tests">
<suite id="s1-s1-s1" name="Carrinho" source="H:\QA\CURSO-ROBOT\projeto\QAcademy\parodifood\tests\carrinho.robot">
<test id="s1-s1-s1-t1" name="Deve adicionar um item ao carrinho" line="20">
<kw name="Start Session" library="base" type="SETUP">
<kw name="New Browser" library="Browser">
<arg>chromium</arg>
<arg>false</arg>
<tag>BrowserControl</tag>
<tag>Setter</tag>
<doc>Create a new playwright Browser with specified options.</doc>
<msg timestamp="20220607 17:32:03.078" level="INFO">{"browser": "chromium", "headless": false, "handleSIGINT": true, "handleSIGTERM": true, "handleSIGHUP": true, "timeout": 30000.0, "devtools": false, "slowMo": 0.0, "tracesDir": "H:\\QA\\CURSO-ROBOT\\projeto\\QAcademy\\parodifood\\results\\browser\\traces\\13c1c8e1-d26e-412e-9da9-3f1bb72e6c61"}</msg>
<msg timestamp="20220607 17:32:04.409" level="INFO">Successfully created browser with options: {"browser":"chromium","headless":false,"handleSIGINT":true,"handleSIGTERM":true,"handleSIGHUP":true,"timeout":30000,"devtools":false,"slowMo":0,"tracesDir":"H:\\QA\\CURSO-ROBOT\\projeto\\QAcademy\\parodifood\\results\\browser\\traces\\13c1c8e1-d26e-412e-9da9-3f1bb72e6c61"}</msg>
<status status="PASS" starttime="20220607 17:32:03.077" endtime="20220607 17:32:04.411"/>
</kw>
<kw name="New Page" library="Browser">
<arg>https://parodifood.herokuapp.com/</arg>
<tag>BrowserControl</tag>
<tag>Setter</tag>
<doc>Open a new Page.</doc>
<msg timestamp="20220607 17:32:08.067" level="INFO">Successfully initialized new page object and opened url: https://parodifood.herokuapp.com/</msg>
<msg timestamp="20220607 17:32:08.070" level="INFO">No context was open. New context was automatically opened when this page is created.</msg>
<status status="PASS" starttime="20220607 17:32:04.412" endtime="20220607 17:32:08.072"/>
</kw>
<kw name="Get Text" library="Browser">
<arg>css=span[style="font-size: 50px; font-weight: bold;"]</arg>
<arg>*=</arg>
<arg>Nunca foi tão engraçado pedir comida</arg>
<tag>Assertion</tag>
<tag>Getter</tag>
<tag>PageContent</tag>
<doc>Returns text attribute of the element found by ``selector``.</doc>
<status status="PASS" starttime="20220607 17:32:08.072" endtime="20220607 17:32:08.224"/>
</kw>
<status status="PASS" starttime="20220607 17:32:03.077" endtime="20220607 17:32:08.224"/>
</kw>
<kw name="Create Dictionary" library="BuiltIn">
<var>${restautant}</var>
<arg>name=STARBUGS COFFEE</arg>
<arg>description=Nada melhor que um café pra te ajudar a resolver um bug</arg>
<doc>Creates and returns a dictionary based on the given ``items``.</doc>
<msg timestamp="20220607 17:32:08.226" level="INFO">${restautant} = {'name': 'STARBUGS COFFEE', 'description': 'Nada melhor que um café pra te ajudar a resolver um bug'}</msg>
<status status="PASS" starttime="20220607 17:32:08.225" endtime="20220607 17:32:08.227"/>
</kw>
<kw name="Go To Restaurants" library="search">
<kw name="Click" library="Browser">
<arg>text=Estou com fome!</arg>
<tag>PageContent</tag>
<tag>Setter</tag>
<doc>Simulates mouse click on the element found by ``selector``.</doc>
<status status="PASS" starttime="20220607 17:32:08.228" endtime="20220607 17:32:08.340"/>
</kw>
<kw name="Get Text" library="Browser">
<arg>css=h1 strong</arg>
<arg>contains</arg>
<arg>Ta na hora de matar a fome!</arg>
<tag>Assertion</tag>
<tag>Getter</tag>
<tag>PageContent</tag>
<doc>Returns text attribute of the element found by ``selector``.</doc>
<status status="PASS" starttime="20220607 17:32:08.340" endtime="20220607 17:32:08.360"/>
</kw>
<status status="PASS" starttime="20220607 17:32:08.228" endtime="20220607 17:32:08.360"/>
</kw>
<kw name="Choose Restaurant">
<arg>${restautant}</arg>
<kw name="Click" library="Browser">
<arg>text=${restautant["name"]}</arg>
<tag>PageContent</tag>
<tag>Setter</tag>
<doc>Simulates mouse click on the element found by ``selector``.</doc>
<status status="PASS" starttime="20220607 17:32:08.362" endtime="20220607 17:32:08.899"/>
</kw>
<kw name="Wait For Elements State" library="Browser">
<arg>css=#detail</arg>
<arg>visible</arg>
<arg>10</arg>
<tag>PageContent</tag>
<tag>Wait</tag>
<doc>Waits for the element found by ``selector`` to satisfy state option.</doc>
<msg timestamp="20220607 17:32:08.911" level="INFO">Waited for Element with selector css=#detail at state visible</msg>
<status status="PASS" starttime="20220607 17:32:08.900" endtime="20220607 17:32:08.913"/>
</kw>
<kw name="Get Text" library="Browser">
<arg>css=#detail</arg>
<arg>contains</arg>
<arg>${restautant["description"]}</arg>
<tag>Assertion</tag>
<tag>Getter</tag>
<tag>PageContent</tag>
<doc>Returns text attribute of the element found by ``selector``.</doc>
<status status="PASS" starttime="20220607 17:32:08.913" endtime="20220607 17:32:09.101"/>
</kw>
<status status="PASS" starttime="20220607 17:32:08.361" endtime="20220607 17:32:09.101"/>
</kw>
<kw name="Add To Cart">
<arg>Starbugs 500 error</arg>
<kw name="Click" library="Browser">
<arg>xpath=//span[text()="${nameProduto}"]/..//a[@class="add-to-cart"]</arg>
<tag>PageContent</tag>
<tag>Setter</tag>
<doc>Simulates mouse click on the element found by ``selector``.</doc>
<status status="PASS" starttime="20220607 17:32:09.106" endtime="20220607 17:32:09.425"/>
</kw>
<status status="PASS" starttime="20220607 17:32:09.105" endtime="20220607 17:32:09.426"/>
</kw>
<kw name="Sleep" library="BuiltIn">
<arg>10</arg>
<doc>Pauses the test executed for the given time.</doc>
<msg timestamp="20220607 17:32:19.441" level="INFO">Slept 10 seconds</msg>
<status status="PASS" starttime="20220607 17:32:09.426" endtime="20220607 17:32:19.442"/>
</kw>
<kw name="Take Screenshot" library="Browser" type="TEARDOWN">
<tag>PageContent</tag>
<doc>Takes a screenshot of the current window or element and saves it to disk.</doc>
<msg timestamp="20220607 17:32:19.573" level="INFO" html="true">&lt;/td&gt;&lt;/tr&gt;&lt;tr&gt;&lt;td colspan="3"&gt;&lt;a href="browser/screenshot/robotframework-browser-screenshot-1.png"&gt;&lt;img src="browser/screenshot/robotframework-browser-screenshot-1.png" width="800px"&gt;&lt;/a&gt;</msg>
<status status="PASS" starttime="20220607 17:32:19.443" endtime="20220607 17:32:19.575"/>
</kw>
<status status="PASS" starttime="20220607 17:32:03.073" endtime="20220607 17:32:19.576"/>
</test>
<status status="PASS" starttime="20220607 17:32:01.706" endtime="20220607 17:32:19.646"/>
</suite>
<status status="PASS" starttime="20220607 17:32:01.702" endtime="20220607 17:32:19.652"/>
</suite>
<status status="PASS" starttime="20220607 17:32:01.674" endtime="20220607 17:32:19.657"/>
</suite>
<statistics>
<total>
<stat pass="1" fail="0" skip="0">All Tests</stat>
</total>
<tag>
</tag>
<suite>
<stat pass="1" fail="0" skip="0" id="s1" name="Parodifood">Parodifood</stat>
<stat pass="1" fail="0" skip="0" id="s1-s1" name="Tests">Parodifood.Tests</stat>
<stat pass="1" fail="0" skip="0" id="s1-s1-s1" name="Carrinho">Parodifood.Tests.Carrinho</stat>
</suite>
</statistics>
<errors>
</errors>
</robot>
