<?xml version="1.0" encoding="UTF-8"?>
<robot generator="Robot 5.0.1 (Python 3.10.4 on win32)" generated="20220607 17:58:51.126" rpa="false" schemaversion="3">
<suite id="s1" name="Carrinho" source="H:\QA\CURSO-ROBOT\projeto\QAcademy\parodifood\tests\carrinho.robot">
<test id="s1-t1" name="Deve adicionar um item ao carrinho" line="28">
<kw name="Start Session" library="base" type="SETUP">
<kw name="New Browser" library="Browser">
<arg>chromium</arg>
<arg>false</arg>
<tag>BrowserControl</tag>
<tag>Setter</tag>
<doc>Create a new playwright Browser with specified options.</doc>
<msg timestamp="20220607 17:58:51.936" level="INFO">{"browser": "chromium", "headless": false, "handleSIGINT": true, "handleSIGTERM": true, "handleSIGHUP": true, "timeout": 30000.0, "devtools": false, "slowMo": 0.0, "tracesDir": "H:\\QA\\CURSO-ROBOT\\projeto\\QAcademy\\parodifood\\log\\browser\\traces\\8e1456d0-6748-4e9b-9a83-5895701276ae"}</msg>
<msg timestamp="20220607 17:58:53.019" level="INFO">Successfully created browser with options: {"browser":"chromium","headless":false,"handleSIGINT":true,"handleSIGTERM":true,"handleSIGHUP":true,"timeout":30000,"devtools":false,"slowMo":0,"tracesDir":"H:\\QA\\CURSO-ROBOT\\projeto\\QAcademy\\parodifood\\log\\browser\\traces\\8e1456d0-6748-4e9b-9a83-5895701276ae"}</msg>
<status status="PASS" starttime="20220607 17:58:51.935" endtime="20220607 17:58:53.019"/>
</kw>
<kw name="New Page" library="Browser">
<arg>https://parodifood.herokuapp.com/</arg>
<tag>BrowserControl</tag>
<tag>Setter</tag>
<doc>Open a new Page.</doc>
<msg timestamp="20220607 17:58:58.543" level="INFO">Successfully initialized new page object and opened url: https://parodifood.herokuapp.com/</msg>
<msg timestamp="20220607 17:58:58.543" level="INFO">No context was open. New context was automatically opened when this page is created.</msg>
<status status="PASS" starttime="20220607 17:58:53.019" endtime="20220607 17:58:58.543"/>
</kw>
<kw name="Get Text" library="Browser">
<arg>css=span[style="font-size: 50px; font-weight: bold;"]</arg>
<arg>*=</arg>
<arg>Nunca foi tão engraçado pedir comida</arg>
<tag>Assertion</tag>
<tag>Getter</tag>
<tag>PageContent</tag>
<doc>Returns text attribute of the element found by ``selector``.</doc>
<status status="PASS" starttime="20220607 17:58:58.543" endtime="20220607 17:58:58.674"/>
</kw>
<status status="PASS" starttime="20220607 17:58:51.935" endtime="20220607 17:58:58.674"/>
</kw>
<kw name="Create Dictionary" library="BuiltIn">
<var>${restautant}</var>
<arg>name=STARBUGS COFFEE</arg>
<arg>description=Nada melhor que um café pra te ajudar a resolver um bug</arg>
<doc>Creates and returns a dictionary based on the given ``items``.</doc>
<msg timestamp="20220607 17:58:58.675" level="INFO">${restautant} = {'name': 'STARBUGS COFFEE', 'description': 'Nada melhor que um café pra te ajudar a resolver um bug'}</msg>
<status status="PASS" starttime="20220607 17:58:58.675" endtime="20220607 17:58:58.675"/>
</kw>
<kw name="Go To Restaurants" library="search">
<kw name="Click" library="Browser">
<arg>text=Estou com fome!</arg>
<tag>PageContent</tag>
<tag>Setter</tag>
<doc>Simulates mouse click on the element found by ``selector``.</doc>
<status status="PASS" starttime="20220607 17:58:58.676" endtime="20220607 17:58:58.764"/>
</kw>
<kw name="Get Text" library="Browser">
<arg>css=h1 strong</arg>
<arg>contains</arg>
<arg>Ta na hora de matar a fome!</arg>
<tag>Assertion</tag>
<tag>Getter</tag>
<tag>PageContent</tag>
<doc>Returns text attribute of the element found by ``selector``.</doc>
<status status="PASS" starttime="20220607 17:58:58.765" endtime="20220607 17:58:58.781"/>
</kw>
<status status="PASS" starttime="20220607 17:58:58.676" endtime="20220607 17:58:58.781"/>
</kw>
<kw name="Choose Restaurant">
<arg>${restautant}</arg>
<kw name="Click" library="Browser">
<arg>text=${restautant["name"]}</arg>
<tag>PageContent</tag>
<tag>Setter</tag>
<doc>Simulates mouse click on the element found by ``selector``.</doc>
<status status="PASS" starttime="20220607 17:58:58.782" endtime="20220607 17:58:59.278"/>
</kw>
<kw name="Wait For Elements State" library="Browser">
<arg>css=#detail</arg>
<arg>visible</arg>
<arg>10</arg>
<tag>PageContent</tag>
<tag>Wait</tag>
<doc>Waits for the element found by ``selector`` to satisfy state option.</doc>
<msg timestamp="20220607 17:58:59.287" level="INFO">Waited for Element with selector css=#detail at state visible</msg>
<status status="PASS" starttime="20220607 17:58:59.278" endtime="20220607 17:58:59.287"/>
</kw>
<kw name="Get Text" library="Browser">
<arg>css=#detail</arg>
<arg>contains</arg>
<arg>${restautant["description"]}</arg>
<tag>Assertion</tag>
<tag>Getter</tag>
<tag>PageContent</tag>
<doc>Returns text attribute of the element found by ``selector``.</doc>
<status status="PASS" starttime="20220607 17:58:59.287" endtime="20220607 17:58:59.472"/>
</kw>
<status status="PASS" starttime="20220607 17:58:58.782" endtime="20220607 17:58:59.472"/>
</kw>
<kw name="Add To Cart">
<arg>Starbugs 500 error</arg>
<kw name="Click" library="Browser">
<arg>xpath=//span[text()="${nameProduto}"]/..//a[@class="add-to-cart"]</arg>
<tag>PageContent</tag>
<tag>Setter</tag>
<doc>Simulates mouse click on the element found by ``selector``.</doc>
<status status="PASS" starttime="20220607 17:58:59.473" endtime="20220607 17:58:59.802"/>
</kw>
<status status="PASS" starttime="20220607 17:58:59.473" endtime="20220607 17:58:59.803"/>
</kw>
<kw name="Should Add To Cart">
<arg>Starbugs 500 error</arg>
<kw name="Wait For Elements State" library="Browser">
<arg>css=#cart tr &gt;&gt; text=${nameProduto}</arg>
<arg>visible</arg>
<arg>5</arg>
<tag>PageContent</tag>
<tag>Wait</tag>
<doc>Waits for the element found by ``selector`` to satisfy state option.</doc>
<msg timestamp="20220607 17:58:59.811" level="INFO">Waited for Element with selector css=#cart tr &gt;&gt; text=Starbugs 500 error at state visible</msg>
<status status="PASS" starttime="20220607 17:58:59.803" endtime="20220607 17:58:59.812"/>
</kw>
<status status="PASS" starttime="20220607 17:58:59.803" endtime="20220607 17:58:59.812"/>
</kw>
<kw name="Total Cart Should be">
<arg>15,60</arg>
<kw name="Get Text" library="Browser">
<arg>xpath=//th[contains(text(),"Total")]/../td</arg>
<arg>contains</arg>
<arg>${total}</arg>
<tag>Assertion</tag>
<tag>Getter</tag>
<tag>PageContent</tag>
<doc>Returns text attribute of the element found by ``selector``.</doc>
<status status="PASS" starttime="20220607 17:58:59.813" endtime="20220607 17:58:59.829"/>
</kw>
<status status="PASS" starttime="20220607 17:58:59.812" endtime="20220607 17:58:59.829"/>
</kw>
<kw name="Sleep" library="BuiltIn">
<arg>10</arg>
<doc>Pauses the test executed for the given time.</doc>
<msg timestamp="20220607 17:59:09.832" level="INFO">Slept 10 seconds</msg>
<status status="PASS" starttime="20220607 17:58:59.829" endtime="20220607 17:59:09.832"/>
</kw>
<kw name="Take Screenshot" library="Browser" type="TEARDOWN">
<tag>PageContent</tag>
<doc>Takes a screenshot of the current window or element and saves it to disk.</doc>
<msg timestamp="20220607 17:59:09.966" level="INFO" html="true">&lt;/td&gt;&lt;/tr&gt;&lt;tr&gt;&lt;td colspan="3"&gt;&lt;a href="browser/screenshot/robotframework-browser-screenshot-1.png"&gt;&lt;img src="browser/screenshot/robotframework-browser-screenshot-1.png" width="800px"&gt;&lt;/a&gt;</msg>
<status status="PASS" starttime="20220607 17:59:09.833" endtime="20220607 17:59:09.966"/>
</kw>
<status status="PASS" starttime="20220607 17:58:51.932" endtime="20220607 17:59:09.967"/>
</test>
<status status="PASS" starttime="20220607 17:58:51.128" endtime="20220607 17:59:10.047"/>
</suite>
<statistics>
<total>
<stat pass="1" fail="0" skip="0">All Tests</stat>
</total>
<tag>
</tag>
<suite>
<stat pass="1" fail="0" skip="0" id="s1" name="Carrinho">Carrinho</stat>
</suite>
</statistics>
<errors>
</errors>
</robot>
